<?xml version="1.0" encoding="utf-8"?><testsuites name="pytest tests"><testsuite name="pytest" errors="0" failures="0" skipped="0" tests="20" time="1.131" timestamp="2026-06-30T16:47:06.651785+00:00" hostname="agent-env-43b56986-2d3b-4f9b-9aca-e9a6f1d3dbd2"><testcase classname="tests.test_sopra_pm.TestTeam" name="test_create_team" time="0.006" /><testcase classname="tests.test_sopra_pm.TestBacklog" name="test_filter_priority" time="0.006" /><testcase classname="tests.test_sopra_pm.TestBacklog" name="test_filter_system" time="0.043" /><testcase classname="tests.test_sopra_pm.TestTeam" name="test_get_team" time="0.043" /><testcase classname="tests.test_sopra_pm.TestBacklog" name="test_filter_quarter_status" time="0.044" /><testcase classname="tests.test_sopra_pm.TestTeam" name="test_update_team" time="0.086" /><testcase classname="tests.test_sopra_pm.TestBacklog" name="test_create_backlog" time="0.043" /><testcase classname="tests.test_sopra_pm.TestTeam" name="test_delete_team" time="0.087" /><testcase classname="tests.test_sopra_pm.TestBacklog" name="test_status_done_autosync" time="0.043" /><testcase classname="tests.test_sopra_pm.TestBacklog" name="test_delete_backlog" time="0.085" /><testcase classname="tests.test_sopra_pm.TestSprints" name="test_list_filter_quarter" time="0.043" /><testcase classname="tests.test_sopra_pm.TestDashboard" name="test_summary" time="0.044" /><testcase classname="tests.test_sopra_pm.TestSprints" name="test_create_sprint" time="0.043" /><testcase classname="tests.test_sopra_pm.TestSprints" name="test_update_sprint" time="0.043" /><testcase classname="tests.test_sopra_pm.TestDashboard" name="test_quarterly_sorted" time="0.043" /><testcase classname="tests.test_sopra_pm.TestDashboard" name="test_sprint_velocity" time="0.044" /><testcase classname="tests.test_sopra_pm.TestSprints" name="test_delete_sprint" time="0.043" /><testcase classname="tests.test_sopra_pm.TestHealthAndSeed" name="test_root" time="0.042" /><testcase classname="tests.test_sopra_pm.TestDashboard" name="test_team_workload_sorted" time="0.043" /><testcase classname="tests.test_sopra_pm.TestHealthAndSeed" name="test_seed_counts" time="0.130" /></testsuite></testsuites>