<?xml version="1.0" encoding="utf-8"?><testsuites name="pytest tests"><testsuite name="pytest" errors="0" failures="0" skipped="0" tests="22" time="169.504" timestamp="2026-07-01T10:05:16.299937+00:00" hostname="agent-env-43b56986-2d3b-4f9b-9aca-e9a6f1d3dbd2"><testcase classname="tests.test_sopra_pm_mssql" name="test_health_reports_sqlserver_2022" time="2.122" /><testcase classname="tests.test_sopra_pm_mssql" name="test_team_list_returns_int_ids_and_areas_split" time="2.162" /><testcase classname="tests.test_sopra_pm_mssql" name="test_team_crud_areas_join_and_split" time="12.782" /><testcase classname="tests.test_sopra_pm_mssql" name="test_sprints_list_ordered_by_sprint_number" time="2.115" /><testcase classname="tests.test_sopra_pm_mssql" name="test_sprints_filter_by_quarter" time="4.288" /><testcase classname="tests.test_sopra_pm_mssql" name="test_seven_projects_seeded_with_expected_codes" time="2.207" /><testcase classname="tests.test_sopra_pm_mssql" name="test_sce_project_summary_phase_counts" time="6.412" /><testcase classname="tests.test_sopra_pm_mssql" name="test_project_delete_sets_backlog_project_id_null" time="15.008" /><testcase classname="tests.test_sopra_pm_mssql" name="test_backlog_36_items_seeded" time="2.131" /><testcase classname="tests.test_sopra_pm_mssql" name="test_backlog_filters[filt0]" time="2.133" /><testcase classname="tests.test_sopra_pm_mssql" name="test_backlog_filters[filt1]" time="2.180" /><testcase classname="tests.test_sopra_pm_mssql" name="test_backlog_filters[filt2]" time="2.144" /><testcase classname="tests.test_sopra_pm_mssql" name="test_backlog_filters[filt3]" time="2.288" /><testcase classname="tests.test_sopra_pm_mssql" name="test_backlog_filters[filt4]" time="2.182" /><testcase classname="tests.test_sopra_pm_mssql" name="test_backlog_patch_logs_activity_and_status_done_sets_percent" time="34.099" /><testcase classname="tests.test_sopra_pm_mssql" name="test_comment_post_get_delete_and_validation" time="17.173" /><testcase classname="tests.test_sopra_pm_mssql" name="test_delete_activity_rejects_change_rows" time="23.003" /><testcase classname="tests.test_sopra_pm_mssql" name="test_backlog_delete_cascades_activity" time="19.346" /><testcase classname="tests.test_sopra_pm_mssql" name="test_dashboard_summary_totals" time="6.373" /><testcase classname="tests.test_sopra_pm_mssql" name="test_dashboard_quarterly_returns_4" time="2.183" /><testcase classname="tests.test_sopra_pm_mssql" name="test_dashboard_sprint_velocity_left_join_all_sprints" time="4.301" /><testcase classname="tests.test_sopra_pm_mssql" name="test_dashboard_team_workload_sorted_desc" time="2.197" /></testsuite></testsuites>